<?xml version="1.0" encoding="UTF-8"?>
<!-- Generated by org.testng.reporters.JUnitReportReporter -->
<testsuite hostname="DESKTOP-5L00DG5" failures="0" tests="1" name="shivakumar.tests.errorvalidations" time="3.107" errors="0" timestamp="12 Dec 2024 07:15:59 GMT" skipped="0">
  <testcase classname="shivakumar.tests.errorvalidations" name="submitorder" time="3.107"/>
</testsuite> <!-- shivakumar.tests.errorvalidations -->
