<?xml version="1.0" encoding="UTF-8"?>
<!-- Generated by org.testng.reporters.JUnitReportReporter -->
<testsuite hostname="DESKTOP-5L00DG5" failures="0" tests="3" name="shivakumar.tests.submitordertest" time="31.651" errors="0" timestamp="12 Dec 2024 07:15:59 GMT" skipped="0">
  <testcase classname="shivakumar.tests.submitordertest" name="submitorder" time="14.139"/>
  <testcase classname="shivakumar.tests.submitordertest" name="orderlist" time="4.266"/>
  <testcase classname="shivakumar.tests.submitordertest" name="submitorder" time="13.246"/>
</testsuite> <!-- shivakumar.tests.submitordertest -->
